Using pre-set license
Built from '2020.3/staging' branch; Version is '2020.3.16f1 (049d6eca3c44) revision 302446'; Using compiler version '192528614'; Build Type 'Release'
OS: 'Windows 10 Pro; OS build 19042.1237; Version 2009; 64bit' Language: 'en' Physical Memory: 16332 MB
BatchMode: 1, IsHumanControllingUs: 0, StartBugReporterOnCrash: 0, Is64bit: 1, IsPro: 0

 COMMAND LINE ARGUMENTS:
D:\Unity\2020.3.16f1\Editor\Unity.exe
-adb2
-batchMode
-noUpm
-name
AssetImportWorker0
-projectPath
C:/Users/ndonp/OneDrive/Documents/GitHub/spar/RiftGuard
-logFile
Logs/AssetImportWorker0.log
-srvPort
65018
Successfully changed project path to: C:/Users/ndonp/OneDrive/Documents/GitHub/spar/RiftGuard
C:/Users/ndonp/OneDrive/Documents/GitHub/spar/RiftGuard
Using Asset Import Pipeline V2.
Refreshing native plugins compatible for Editor in 79.70 ms, found 3 plugins.
Preloading 0 native plugins for Editor in 0.00 ms.
Initialize engine version: 2020.3.16f1 (049d6eca3c44)
[Subsystems] Discovering subsystems at path D:/Unity/2020.3.16f1/Editor/Data/Resources/UnitySubsystems
[Subsystems] Discovering subsystems at path C:/Users/ndonp/OneDrive/Documents/GitHub/spar/RiftGuard/Assets
GfxDevice: creating device client; threaded=0
Direct3D:
    Version:  Direct3D 11.0 [level 11.1]
    Renderer: NVIDIA GeForce GTX 1650 (ID=0x1f82)
    Vendor:   
    VRAM:     3962 MB
    Driver:   30.0.14.7196
Initialize mono
Mono path[0] = 'D:/Unity/2020.3.16f1/Editor/Data/Managed'
Mono path[1] = 'D:/Unity/2020.3.16f1/Editor/Data/MonoBleedingEdge/lib/mono/unityjit'
Mono config path = 'D:/Unity/2020.3.16f1/Editor/Data/MonoBleedingEdge/etc'
Using monoOptions --debugger-agent=transport=dt_socket,embedding=1,server=y,suspend=n,address=127.0.0.1:56680
Begin MonoManager ReloadAssembly
Registering precompiled unity dll's ...
Register platform support module: D:/Unity/2020.3.16f1/Editor/Data/PlaybackEngines/WindowsStandaloneSupport/UnityEditor.WindowsStandalone.Extensions.dll
Registered in 0.002488 seconds.
Native extension for WindowsStandalone target not found
Refreshing native plugins compatible for Editor in 57.17 ms, found 3 plugins.
Preloading 0 native plugins for Editor in 0.00 ms.
Mono: successfully reloaded assembly
- Completed reload, in  1.409 seconds
Domain Reload Profiling:
	ReloadAssembly (1410ms)
		BeginReloadAssembly (70ms)
			ExecutionOrderSort (0ms)
			DisableScriptedObjects (0ms)
			BackupInstance (0ms)
			ReleaseScriptingObjects (0ms)
			CreateAndSetChildDomain (1ms)
		EndReloadAssembly (540ms)
			LoadAssemblies (69ms)
			RebuildTransferFunctionScriptingTraits (0ms)
			SetupTypeCache (192ms)
			ReleaseScriptCaches (0ms)
			RebuildScriptCaches (34ms)
			SetupLoadedEditorAssemblies (222ms)
				LogAssemblyErrors (0ms)
				InitializePlatformSupportModulesInManaged (5ms)
				SetLoadedEditorAssemblies (0ms)
				RefreshPlugins (57ms)
				BeforeProcessingInitializeOnLoad (21ms)
				ProcessInitializeOnLoadAttributes (101ms)
				ProcessInitializeOnLoadMethodAttributes (37ms)
				AfterProcessingInitializeOnLoad (0ms)
				EditorAssembliesLoaded (0ms)
			ExecutionOrderSort2 (0ms)
			AwakeInstancesAfterBackupRestoration (0ms)
Platform modules already initialized, skipping
Registering precompiled user dll's ...
Registered in 0.006261 seconds.
Begin MonoManager ReloadAssembly
Native extension for WindowsStandalone target not found
Refreshing native plugins compatible for Editor in 65.66 ms, found 3 plugins.
Preloading 0 native plugins for Editor in 0.00 ms.
Mono: successfully reloaded assembly
- Completed reload, in  2.276 seconds
Domain Reload Profiling:
	ReloadAssembly (2277ms)
		BeginReloadAssembly (289ms)
			ExecutionOrderSort (0ms)
			DisableScriptedObjects (6ms)
			BackupInstance (0ms)
			ReleaseScriptingObjects (0ms)
			CreateAndSetChildDomain (39ms)
		EndReloadAssembly (1846ms)
			LoadAssemblies (224ms)
			RebuildTransferFunctionScriptingTraits (0ms)
			SetupTypeCache (601ms)
			ReleaseScriptCaches (1ms)
			RebuildScriptCaches (71ms)
			SetupLoadedEditorAssemblies (713ms)
				LogAssemblyErrors (0ms)
				InitializePlatformSupportModulesInManaged (5ms)
				SetLoadedEditorAssemblies (0ms)
				RefreshPlugins (66ms)
				BeforeProcessingInitializeOnLoad (113ms)
				ProcessInitializeOnLoadAttributes (501ms)
				ProcessInitializeOnLoadMethodAttributes (21ms)
				AfterProcessingInitializeOnLoad (7ms)
				EditorAssembliesLoaded (0ms)
			ExecutionOrderSort2 (0ms)
			AwakeInstancesAfterBackupRestoration (16ms)
Platform modules already initialized, skipping
========================================================================
Worker process is ready to serve import requests
Launched and connected shader compiler UnityShaderCompiler.exe after 0.07 seconds
Refreshing native plugins compatible for Editor in 0.78 ms, found 3 plugins.
Preloading 0 native plugins for Editor in 0.00 ms.
Unloading 2271 Unused Serialized files (Serialized files now loaded: 0)
System memory in use before: 99.0 MB.
System memory in use after: 99.2 MB.

Unloading 29 unused Assets to reduce memory usage. Loaded Objects now: 2710.
Total: 14.230100 ms (FindLiveObjects: 0.335000 ms CreateObjectMapping: 0.090300 ms MarkObjects: 13.441900 ms  DeleteObjects: 0.360000 ms)

AssetImportParameters requested are different than current active one (requested -> active):
  custom:framework-win-MediaFoundation: 216162199b28c13a410421893ffa2e32 -> 
  custom:video-decoder-ogg-theora: a1e56fd34408186e4bbccfd4996cb3dc -> 
  custom:container-muxer-webm: aa71ff27fc2769a1b78a27578f13a17b -> 
  custom:container-demuxer-webm: 4f35f7cbe854078d1ac9338744f61a02 -> 
  custom:container-demuxer-ogg: 62fdf1f143b41e24485cea50d1cbac27 -> 
  custom:video-encoder-webm-vp8: eb34c28f22e8b96e1ab97ce403110664 -> 
  custom:video-decoder-webm-vp8: 9c59270c3fd7afecdb556c50c9e8de78 -> 
  custom:audio-decoder-ogg-vorbis: bf7c407c2cedff20999df2af8eb42d56 -> 
  custom:audio-encoder-webm-vorbis: bf7c407c2cedff20999df2af8eb42d56 -> 
========================================================================
Received Import Request.
  path: Assets/Prefabs/Characters/Tower/Tower3.2.prefab
  artifactKey: Guid(562a60aaf4c3f3a49b5cff1bbeb69f74) Importer(815301076,1909f56bfc062723c751e8b465ee728b)
Start importing Assets/Prefabs/Characters/Tower/Tower3.2.prefab using Guid(562a60aaf4c3f3a49b5cff1bbeb69f74) Importer(815301076,1909f56bfc062723c751e8b465ee728b)  -> (artifact id: 'f52d41fb1b089f84101eda3c7de97729') in 0.213925 seconds 
  Import took 0.222976 seconds .

========================================================================
Received Import Request.
  Time since last request: 0.000200 seconds.
  path: Assets/Prefabs/Characters/Tower/Tower4.1.prefab
  artifactKey: Guid(c3139a41d3d360e4092ea5ab08fb96cc) Importer(815301076,1909f56bfc062723c751e8b465ee728b)
Start importing Assets/Prefabs/Characters/Tower/Tower4.1.prefab using Guid(c3139a41d3d360e4092ea5ab08fb96cc) Importer(815301076,1909f56bfc062723c751e8b465ee728b)  -> (artifact id: '9f6998726cc41264bb735b4f23c82d68') in 0.022969 seconds 
  Import took 0.027353 seconds .

========================================================================
Received Import Request.
  Time since last request: 0.000225 seconds.
  path: Assets/Prefabs/Characters/Tower/Tower4.2.prefab
  artifactKey: Guid(9f72b2655fe9c4d48ab5385b53805407) Importer(815301076,1909f56bfc062723c751e8b465ee728b)
Start importing Assets/Prefabs/Characters/Tower/Tower4.2.prefab using Guid(9f72b2655fe9c4d48ab5385b53805407) Importer(815301076,1909f56bfc062723c751e8b465ee728b)  -> (artifact id: '5fb324355f50211bf5be1e9127ee4ba7') in 0.027420 seconds 
  Import took 0.033096 seconds .

========================================================================
Received Import Request.
  Time since last request: 0.000195 seconds.
  path: Assets/Prefabs/Characters/Tower/Tower1.1.prefab
  artifactKey: Guid(dca02ccbe2049a84fae65192f7b3fa30) Importer(815301076,1909f56bfc062723c751e8b465ee728b)
Start importing Assets/Prefabs/Characters/Tower/Tower1.1.prefab using Guid(dca02ccbe2049a84fae65192f7b3fa30) Importer(815301076,1909f56bfc062723c751e8b465ee728b)  -> (artifact id: '0b7cd96b8f97b4af020c809df35c66da') in 0.024578 seconds 
  Import took 0.029291 seconds .

========================================================================
Received Import Request.
  Time since last request: 0.000212 seconds.
  path: Assets/Prefabs/Characters/Tower/Tower2.1.prefab
  artifactKey: Guid(e62ebf458657d3d42ba3dcd7df05071e) Importer(815301076,1909f56bfc062723c751e8b465ee728b)
Start importing Assets/Prefabs/Characters/Tower/Tower2.1.prefab using Guid(e62ebf458657d3d42ba3dcd7df05071e) Importer(815301076,1909f56bfc062723c751e8b465ee728b)  -> (artifact id: 'e0acecd36883a2473f44230bacaa5e6d') in 0.019165 seconds 
  Import took 0.022828 seconds .

========================================================================
Received Import Request.
  Time since last request: 0.000178 seconds.
  path: Assets/Prefabs/Characters/Tower/Tower3.1.prefab
  artifactKey: Guid(9f79da731f264cf4ca5280f9461fbe48) Importer(815301076,1909f56bfc062723c751e8b465ee728b)
Start importing Assets/Prefabs/Characters/Tower/Tower3.1.prefab using Guid(9f79da731f264cf4ca5280f9461fbe48) Importer(815301076,1909f56bfc062723c751e8b465ee728b)  -> (artifact id: '02714de9135b13d07e615bc2192dfc9c') in 0.016832 seconds 
  Import took 0.021008 seconds .

========================================================================
Received Import Request.
  Time since last request: 0.000188 seconds.
  path: Assets/Prefabs/Characters/Tower/Tower2.2.prefab
  artifactKey: Guid(bd031dbb2917e4a4a8ae5005e0c5cdda) Importer(815301076,1909f56bfc062723c751e8b465ee728b)
Start importing Assets/Prefabs/Characters/Tower/Tower2.2.prefab using Guid(bd031dbb2917e4a4a8ae5005e0c5cdda) Importer(815301076,1909f56bfc062723c751e8b465ee728b)  -> (artifact id: '605ca476483319c54f296dcadce369dc') in 0.019583 seconds 
  Import took 0.023425 seconds .

========================================================================
Received Import Request.
  Time since last request: 0.000197 seconds.
  path: Assets/Prefabs/Characters/Tower/Tower1.2.prefab
  artifactKey: Guid(fd7d975c83de90b4b9c2a7d58b50f6e7) Importer(815301076,1909f56bfc062723c751e8b465ee728b)
Start importing Assets/Prefabs/Characters/Tower/Tower1.2.prefab using Guid(fd7d975c83de90b4b9c2a7d58b50f6e7) Importer(815301076,1909f56bfc062723c751e8b465ee728b)  -> (artifact id: '78add3b587b9a58bbbfa0ee93067554e') in 0.017959 seconds 
  Import took 0.021818 seconds .

========================================================================
Received Import Request.
  Time since last request: 138.530607 seconds.
  path: Assets/Prefabs/Tile/Grass.prefab
  artifactKey: Guid(7900623347ff9d24fa4f5b1c5f9df79f) Importer(815301076,1909f56bfc062723c751e8b465ee728b)
Start importing Assets/Prefabs/Tile/Grass.prefab using Guid(7900623347ff9d24fa4f5b1c5f9df79f) Importer(815301076,1909f56bfc062723c751e8b465ee728b)  -> (artifact id: '256757227160e67d786b995bc31df006') in 0.021804 seconds 
  Import took 0.026302 seconds .

========================================================================
Received Import Request.
  Time since last request: 0.000202 seconds.
  path: Assets/Prefabs/Tile/Water.prefab
  artifactKey: Guid(f92318ee25e90034aa0fccf11f6db06f) Importer(815301076,1909f56bfc062723c751e8b465ee728b)
Start importing Assets/Prefabs/Tile/Water.prefab using Guid(f92318ee25e90034aa0fccf11f6db06f) Importer(815301076,1909f56bfc062723c751e8b465ee728b)  -> (artifact id: '045dac2a2ed615df4c7e9655daab595b') in 0.026950 seconds 
  Import took 0.031421 seconds .

========================================================================
Received Import Request.
  Time since last request: 0.000220 seconds.
  path: Assets/Prefabs/Tile/Rock.prefab
  artifactKey: Guid(0c607783ac93995449246a73fad83497) Importer(815301076,1909f56bfc062723c751e8b465ee728b)
Start importing Assets/Prefabs/Tile/Rock.prefab using Guid(0c607783ac93995449246a73fad83497) Importer(815301076,1909f56bfc062723c751e8b465ee728b)  -> (artifact id: '844a6a538d22f3ef2995413a7b67a484') in 0.030503 seconds 
  Import took 0.034743 seconds .

========================================================================
Received Import Request.
  Time since last request: 0.000224 seconds.
  path: Assets/Prefabs/Tile/Path.prefab
  artifactKey: Guid(d27f97288c48d494f9073bf25c586f48) Importer(815301076,1909f56bfc062723c751e8b465ee728b)
Start importing Assets/Prefabs/Tile/Path.prefab using Guid(d27f97288c48d494f9073bf25c586f48) Importer(815301076,1909f56bfc062723c751e8b465ee728b)  -> (artifact id: 'af4b6a138b2f38d07ff736649a3c4458') in 0.025693 seconds 
  Import took 0.031013 seconds .

========================================================================
Received Import Request.
  Time since last request: 19.793418 seconds.
  path: Assets/Sprite/Tower/Tower 1 Turret Sprite.png
  artifactKey: Guid(96a67929e4ac6d04683bc83e49469958) Importer(815301076,1909f56bfc062723c751e8b465ee728b)
Start importing Assets/Sprite/Tower/Tower 1 Turret Sprite.png using Guid(96a67929e4ac6d04683bc83e49469958) Importer(815301076,1909f56bfc062723c751e8b465ee728b)  -> (artifact id: '3c80c3e51bf53c69733f433aa2b20436') in 0.096293 seconds 
  Import took 0.100504 seconds .

========================================================================
Received Import Request.
  Time since last request: 0.000205 seconds.
  path: Assets/Sprite/Tower/Tower 1 Sprite.png
  artifactKey: Guid(178ba7a8fb871d64597806a1af99a108) Importer(815301076,1909f56bfc062723c751e8b465ee728b)
Start importing Assets/Sprite/Tower/Tower 1 Sprite.png using Guid(178ba7a8fb871d64597806a1af99a108) Importer(815301076,1909f56bfc062723c751e8b465ee728b)  -> (artifact id: 'b14bb6ac99d74a79ee4debaa2471a4f1') in 0.028637 seconds 
  Import took 0.035743 seconds .

========================================================================
Received Import Request.
  Time since last request: 0.008650 seconds.
  path: Assets/Sprite/Tower/Tower 1 Sprite.png
  artifactKey: Guid(178ba7a8fb871d64597806a1af99a108) Importer(815301076,1909f56bfc062723c751e8b465ee728b)
Start importing Assets/Sprite/Tower/Tower 1 Sprite.png using Guid(178ba7a8fb871d64597806a1af99a108) Importer(815301076,1909f56bfc062723c751e8b465ee728b)  -> (artifact id: 'b14bb6ac99d74a79ee4debaa2471a4f1') in 0.021634 seconds 
  Import took 0.026742 seconds .

========================================================================
Received Prepare
Registering precompiled user dll's ...
Registered in 0.006742 seconds.
Begin MonoManager ReloadAssembly
Native extension for WindowsStandalone target not found
Refreshing native plugins compatible for Editor in 0.79 ms, found 3 plugins.
Preloading 0 native plugins for Editor in 0.00 ms.
Mono: successfully reloaded assembly
- Completed reload, in  2.096 seconds
Domain Reload Profiling:
	ReloadAssembly (2096ms)
		BeginReloadAssembly (217ms)
			ExecutionOrderSort (0ms)
			DisableScriptedObjects (14ms)
			BackupInstance (0ms)
			ReleaseScriptingObjects (0ms)
			CreateAndSetChildDomain (62ms)
		EndReloadAssembly (1775ms)
			LoadAssemblies (192ms)
			RebuildTransferFunctionScriptingTraits (0ms)
			SetupTypeCache (545ms)
			ReleaseScriptCaches (1ms)
			RebuildScriptCaches (86ms)
			SetupLoadedEditorAssemblies (780ms)
				LogAssemblyErrors (0ms)
				InitializePlatformSupportModulesInManaged (8ms)
				SetLoadedEditorAssemblies (1ms)
				RefreshPlugins (1ms)
				BeforeProcessingInitializeOnLoad (161ms)
				ProcessInitializeOnLoadAttributes (587ms)
				ProcessInitializeOnLoadMethodAttributes (18ms)
				AfterProcessingInitializeOnLoad (4ms)
				EditorAssembliesLoaded (0ms)
			ExecutionOrderSort2 (0ms)
			AwakeInstancesAfterBackupRestoration (25ms)
Platform modules already initialized, skipping
Refreshing native plugins compatible for Editor in 0.60 ms, found 3 plugins.
Preloading 0 native plugins for Editor in 0.00 ms.
Unloading 2259 Unused Serialized files (Serialized files now loaded: 0)
System memory in use before: 101.5 MB.
System memory in use after: 101.7 MB.

Unloading 17 unused Assets to reduce memory usage. Loaded Objects now: 2722.
Total: 5.502600 ms (FindLiveObjects: 0.350200 ms CreateObjectMapping: 0.145600 ms MarkObjects: 4.983100 ms  DeleteObjects: 0.022000 ms)

AssetImportParameters requested are different than current active one (requested -> active):
  custom:framework-win-MediaFoundation: 216162199b28c13a410421893ffa2e32 -> 
  custom:video-decoder-ogg-theora: a1e56fd34408186e4bbccfd4996cb3dc -> 
  custom:container-muxer-webm: aa71ff27fc2769a1b78a27578f13a17b -> 
  custom:container-demuxer-webm: 4f35f7cbe854078d1ac9338744f61a02 -> 
  custom:container-demuxer-ogg: 62fdf1f143b41e24485cea50d1cbac27 -> 
  custom:video-encoder-webm-vp8: eb34c28f22e8b96e1ab97ce403110664 -> 
  custom:video-decoder-webm-vp8: 9c59270c3fd7afecdb556c50c9e8de78 -> 
  custom:audio-decoder-ogg-vorbis: bf7c407c2cedff20999df2af8eb42d56 -> 
  custom:audio-encoder-webm-vorbis: bf7c407c2cedff20999df2af8eb42d56 -> 
========================================================================
Received Import Request.
  Time since last request: 49.372985 seconds.
  path: Assets/Prefabs/Characters/Tower/Tower1.1.prefab
  artifactKey: Guid(dca02ccbe2049a84fae65192f7b3fa30) Importer(815301076,1909f56bfc062723c751e8b465ee728b)
Start importing Assets/Prefabs/Characters/Tower/Tower1.1.prefab using Guid(dca02ccbe2049a84fae65192f7b3fa30) Importer(815301076,1909f56bfc062723c751e8b465ee728b)  -> (artifact id: 'dd14067fea483f51a1ab3d0b6192dc83') in 0.083414 seconds 
  Import took 0.088106 seconds .

========================================================================
Received Import Request.
  Time since last request: 10.323222 seconds.
  path: Assets/Prefabs/Characters/Tower/Tower1.1.prefab
  artifactKey: Guid(dca02ccbe2049a84fae65192f7b3fa30) Importer(815301076,1909f56bfc062723c751e8b465ee728b)
Start importing Assets/Prefabs/Characters/Tower/Tower1.1.prefab using Guid(dca02ccbe2049a84fae65192f7b3fa30) Importer(815301076,1909f56bfc062723c751e8b465ee728b)  -> (artifact id: 'c887b09dfcab2bcc8aede411c6603d12') in 0.022307 seconds 
  Import took 0.026981 seconds .

========================================================================
Received Import Request.
  Time since last request: 1.932567 seconds.
  path: Assets/Prefabs/Characters/Tower/Tower1.1.prefab
  artifactKey: Guid(dca02ccbe2049a84fae65192f7b3fa30) Importer(815301076,1909f56bfc062723c751e8b465ee728b)
Start importing Assets/Prefabs/Characters/Tower/Tower1.1.prefab using Guid(dca02ccbe2049a84fae65192f7b3fa30) Importer(815301076,1909f56bfc062723c751e8b465ee728b)  -> (artifact id: 'ae998bc49a5e425f29466b7711de9eee') in 0.020136 seconds 
  Import took 0.025286 seconds .

========================================================================
Received Import Request.
  Time since last request: 2.811496 seconds.
  path: Assets/Prefabs/Characters/Tower/Tower1.1.prefab
  artifactKey: Guid(dca02ccbe2049a84fae65192f7b3fa30) Importer(815301076,1909f56bfc062723c751e8b465ee728b)
Start importing Assets/Prefabs/Characters/Tower/Tower1.1.prefab using Guid(dca02ccbe2049a84fae65192f7b3fa30) Importer(815301076,1909f56bfc062723c751e8b465ee728b)  -> (artifact id: 'a6d6ce7b5775274bb4a36b97ec496970') in 0.020201 seconds 
  Import took 0.025057 seconds .

========================================================================
Received Import Request.
  Time since last request: 1.781360 seconds.
  path: Assets/Prefabs/Characters/Tower/Tower1.1.prefab
  artifactKey: Guid(dca02ccbe2049a84fae65192f7b3fa30) Importer(815301076,1909f56bfc062723c751e8b465ee728b)
Start importing Assets/Prefabs/Characters/Tower/Tower1.1.prefab using Guid(dca02ccbe2049a84fae65192f7b3fa30) Importer(815301076,1909f56bfc062723c751e8b465ee728b)  -> (artifact id: '8a9ba80b2f8689c1536df7d3d40f437c') in 0.019812 seconds 
  Import took 0.024349 seconds .

========================================================================
Received Prepare
Registering precompiled user dll's ...
Registered in 0.006195 seconds.
Begin MonoManager ReloadAssembly
Native extension for WindowsStandalone target not found
Refreshing native plugins compatible for Editor in 0.58 ms, found 3 plugins.
Preloading 0 native plugins for Editor in 0.00 ms.
Mono: successfully reloaded assembly
- Completed reload, in  1.610 seconds
Domain Reload Profiling:
	ReloadAssembly (1611ms)
		BeginReloadAssembly (147ms)
			ExecutionOrderSort (0ms)
			DisableScriptedObjects (9ms)
			BackupInstance (0ms)
			ReleaseScriptingObjects (0ms)
			CreateAndSetChildDomain (44ms)
		EndReloadAssembly (1372ms)
			LoadAssemblies (129ms)
			RebuildTransferFunctionScriptingTraits (0ms)
			SetupTypeCache (431ms)
			ReleaseScriptCaches (1ms)
			RebuildScriptCaches (64ms)
			SetupLoadedEditorAssemblies (591ms)
				LogAssemblyErrors (0ms)
				InitializePlatformSupportModulesInManaged (6ms)
				SetLoadedEditorAssemblies (1ms)
				RefreshPlugins (1ms)
				BeforeProcessingInitializeOnLoad (120ms)
				ProcessInitializeOnLoadAttributes (450ms)
				ProcessInitializeOnLoadMethodAttributes (11ms)
				AfterProcessingInitializeOnLoad (3ms)
				EditorAssembliesLoaded (0ms)
			ExecutionOrderSort2 (0ms)
			AwakeInstancesAfterBackupRestoration (17ms)
Platform modules already initialized, skipping
Refreshing native plugins compatible for Editor in 0.56 ms, found 3 plugins.
Preloading 0 native plugins for Editor in 0.00 ms.
Unloading 2259 Unused Serialized files (Serialized files now loaded: 0)
System memory in use before: 101.5 MB.
System memory in use after: 101.7 MB.

Unloading 17 unused Assets to reduce memory usage. Loaded Objects now: 2726.
Total: 3.888000 ms (FindLiveObjects: 0.260700 ms CreateObjectMapping: 0.061000 ms MarkObjects: 3.541500 ms  DeleteObjects: 0.023200 ms)

AssetImportParameters requested are different than current active one (requested -> active):
  custom:framework-win-MediaFoundation: 216162199b28c13a410421893ffa2e32 -> 
  custom:video-decoder-ogg-theora: a1e56fd34408186e4bbccfd4996cb3dc -> 
  custom:container-muxer-webm: aa71ff27fc2769a1b78a27578f13a17b -> 
  custom:container-demuxer-webm: 4f35f7cbe854078d1ac9338744f61a02 -> 
  custom:container-demuxer-ogg: 62fdf1f143b41e24485cea50d1cbac27 -> 
  custom:video-encoder-webm-vp8: eb34c28f22e8b96e1ab97ce403110664 -> 
  custom:video-decoder-webm-vp8: 9c59270c3fd7afecdb556c50c9e8de78 -> 
  custom:audio-decoder-ogg-vorbis: bf7c407c2cedff20999df2af8eb42d56 -> 
  custom:audio-encoder-webm-vorbis: bf7c407c2cedff20999df2af8eb42d56 -> 
========================================================================
Received Import Request.
  Time since last request: 77.994703 seconds.
  path: Assets/Prefabs/Characters/Tower/Tower1.1.prefab
  artifactKey: Guid(dca02ccbe2049a84fae65192f7b3fa30) Importer(815301076,1909f56bfc062723c751e8b465ee728b)
Start importing Assets/Prefabs/Characters/Tower/Tower1.1.prefab using Guid(dca02ccbe2049a84fae65192f7b3fa30) Importer(815301076,1909f56bfc062723c751e8b465ee728b)  -> (artifact id: 'bf3189c9f635c15b13131c43efff5f98') in 0.100139 seconds 
  Import took 0.124141 seconds .

========================================================================
Received Import Request.
  Time since last request: 21.154537 seconds.
  path: Assets/Prefabs/Characters/Tower/Tower1.1.prefab
  artifactKey: Guid(dca02ccbe2049a84fae65192f7b3fa30) Importer(815301076,1909f56bfc062723c751e8b465ee728b)
Start importing Assets/Prefabs/Characters/Tower/Tower1.1.prefab using Guid(dca02ccbe2049a84fae65192f7b3fa30) Importer(815301076,1909f56bfc062723c751e8b465ee728b)  -> (artifact id: '082096065110051db5e7514acfd887e6') in 0.026824 seconds 
  Import took 0.039312 seconds .

========================================================================
Received Import Request.
  Time since last request: 26.849516 seconds.
  path: Assets/Prefabs/Characters/Tower/Tower1.1.prefab
  artifactKey: Guid(dca02ccbe2049a84fae65192f7b3fa30) Importer(815301076,1909f56bfc062723c751e8b465ee728b)
Start importing Assets/Prefabs/Characters/Tower/Tower1.1.prefab using Guid(dca02ccbe2049a84fae65192f7b3fa30) Importer(815301076,1909f56bfc062723c751e8b465ee728b)  -> (artifact id: '5a48d3009de705e3cecf2a33048b6939') in 0.026563 seconds 
  Import took 0.033175 seconds .

========================================================================
Received Prepare
Registering precompiled user dll's ...
Registered in 0.006888 seconds.
Begin MonoManager ReloadAssembly
Native extension for WindowsStandalone target not found
Refreshing native plugins compatible for Editor in 1.41 ms, found 3 plugins.
Preloading 0 native plugins for Editor in 0.00 ms.
Mono: successfully reloaded assembly
- Completed reload, in  2.035 seconds
Domain Reload Profiling:
	ReloadAssembly (2036ms)
		BeginReloadAssembly (161ms)
			ExecutionOrderSort (0ms)
			DisableScriptedObjects (9ms)
			BackupInstance (0ms)
			ReleaseScriptingObjects (0ms)
			CreateAndSetChildDomain (47ms)
		EndReloadAssembly (1767ms)
			LoadAssemblies (133ms)
			RebuildTransferFunctionScriptingTraits (0ms)
			SetupTypeCache (564ms)
			ReleaseScriptCaches (2ms)
			RebuildScriptCaches (82ms)
			SetupLoadedEditorAssemblies (761ms)
				LogAssemblyErrors (0ms)
				InitializePlatformSupportModulesInManaged (10ms)
				SetLoadedEditorAssemblies (1ms)
				RefreshPlugins (2ms)
				BeforeProcessingInitializeOnLoad (148ms)
				ProcessInitializeOnLoadAttributes (584ms)
				ProcessInitializeOnLoadMethodAttributes (12ms)
				AfterProcessingInitializeOnLoad (4ms)
				EditorAssembliesLoaded (0ms)
			ExecutionOrderSort2 (0ms)
			AwakeInstancesAfterBackupRestoration (23ms)
Platform modules already initialized, skipping
Refreshing native plugins compatible for Editor in 0.63 ms, found 3 plugins.
Preloading 0 native plugins for Editor in 0.00 ms.
Unloading 2259 Unused Serialized files (Serialized files now loaded: 0)
System memory in use before: 101.7 MB.
System memory in use after: 102.0 MB.

Unloading 19 unused Assets to reduce memory usage. Loaded Objects now: 2731.
Total: 5.196400 ms (FindLiveObjects: 0.334200 ms CreateObjectMapping: 0.099100 ms MarkObjects: 4.711100 ms  DeleteObjects: 0.050500 ms)

AssetImportParameters requested are different than current active one (requested -> active):
  custom:framework-win-MediaFoundation: 216162199b28c13a410421893ffa2e32 -> 
  custom:video-decoder-ogg-theora: a1e56fd34408186e4bbccfd4996cb3dc -> 
  custom:container-muxer-webm: aa71ff27fc2769a1b78a27578f13a17b -> 
  custom:container-demuxer-webm: 4f35f7cbe854078d1ac9338744f61a02 -> 
  custom:container-demuxer-ogg: 62fdf1f143b41e24485cea50d1cbac27 -> 
  custom:video-encoder-webm-vp8: eb34c28f22e8b96e1ab97ce403110664 -> 
  custom:video-decoder-webm-vp8: 9c59270c3fd7afecdb556c50c9e8de78 -> 
  custom:audio-decoder-ogg-vorbis: bf7c407c2cedff20999df2af8eb42d56 -> 
  custom:audio-encoder-webm-vorbis: bf7c407c2cedff20999df2af8eb42d56 -> 
========================================================================
Received Import Request.
  Time since last request: 116.714786 seconds.
  path: Assets/Sprite/Tower/Tower 1 Sprite.png
  artifactKey: Guid(178ba7a8fb871d64597806a1af99a108) Importer(815301076,1909f56bfc062723c751e8b465ee728b)
Start importing Assets/Sprite/Tower/Tower 1 Sprite.png using Guid(178ba7a8fb871d64597806a1af99a108) Importer(815301076,1909f56bfc062723c751e8b465ee728b)  -> (artifact id: '7376427460422934e0956dbc3e912bec') in 0.100823 seconds 
  Import took 0.105973 seconds .

========================================================================
Received Import Request.
  Time since last request: 0.000215 seconds.
  path: Assets/Sprite/Tower/Tower 1 Turret Sprite.png
  artifactKey: Guid(96a67929e4ac6d04683bc83e49469958) Importer(815301076,1909f56bfc062723c751e8b465ee728b)
Start importing Assets/Sprite/Tower/Tower 1 Turret Sprite.png using Guid(96a67929e4ac6d04683bc83e49469958) Importer(815301076,1909f56bfc062723c751e8b465ee728b)  -> (artifact id: '7b67c1deb4127ef0dd2b9e301370c8e4') in 0.014396 seconds 
  Import took 0.021642 seconds .

========================================================================
Received Import Request.
  Time since last request: 17.110620 seconds.
  path: Assets/Prefabs/Characters/Tower/Tower1.1.prefab
  artifactKey: Guid(dca02ccbe2049a84fae65192f7b3fa30) Importer(815301076,1909f56bfc062723c751e8b465ee728b)
Start importing Assets/Prefabs/Characters/Tower/Tower1.1.prefab using Guid(dca02ccbe2049a84fae65192f7b3fa30) Importer(815301076,1909f56bfc062723c751e8b465ee728b)  -> (artifact id: 'c9e2022645e2aab34cc10ab2222c7347') in 0.071059 seconds 
  Import took 0.077126 seconds .

========================================================================
Received Import Request.
  Time since last request: 1.100059 seconds.
  path: Assets/Prefabs/Characters/Tower/Tower1.1.prefab
  artifactKey: Guid(dca02ccbe2049a84fae65192f7b3fa30) Importer(815301076,1909f56bfc062723c751e8b465ee728b)
Start importing Assets/Prefabs/Characters/Tower/Tower1.1.prefab using Guid(dca02ccbe2049a84fae65192f7b3fa30) Importer(815301076,1909f56bfc062723c751e8b465ee728b)  -> (artifact id: '5be9bb0441e7d506f100de2378146ddb') in 0.022313 seconds 
  Import took 0.027547 seconds .

========================================================================
Received Import Request.
  Time since last request: 1.027930 seconds.
  path: Assets/Prefabs/Characters/Tower/Tower1.1.prefab
  artifactKey: Guid(dca02ccbe2049a84fae65192f7b3fa30) Importer(815301076,1909f56bfc062723c751e8b465ee728b)
Start importing Assets/Prefabs/Characters/Tower/Tower1.1.prefab using Guid(dca02ccbe2049a84fae65192f7b3fa30) Importer(815301076,1909f56bfc062723c751e8b465ee728b)  -> (artifact id: 'fdb5a60fdcd84a92226eb3e7b1a034e0') in 0.033788 seconds 
  Import took 0.044124 seconds .

========================================================================
Received Import Request.
  Time since last request: 24.789768 seconds.
  path: Assets/Sprite/Tower/Tower 1 Sprite.png
  artifactKey: Guid(178ba7a8fb871d64597806a1af99a108) Importer(815301076,1909f56bfc062723c751e8b465ee728b)
Start importing Assets/Sprite/Tower/Tower 1 Sprite.png using Guid(178ba7a8fb871d64597806a1af99a108) Importer(815301076,1909f56bfc062723c751e8b465ee728b)  -> (artifact id: '0081e7b35006e88c9763ac2a86731f39') in 0.016435 seconds 
  Import took 0.023341 seconds .

========================================================================
Received Import Request.
  Time since last request: 0.000210 seconds.
  path: Assets/Sprite/Tower/Tower 1 Turret Sprite.png
  artifactKey: Guid(96a67929e4ac6d04683bc83e49469958) Importer(815301076,1909f56bfc062723c751e8b465ee728b)
Start importing Assets/Sprite/Tower/Tower 1 Turret Sprite.png using Guid(96a67929e4ac6d04683bc83e49469958) Importer(815301076,1909f56bfc062723c751e8b465ee728b)  -> (artifact id: '5673434ac6d963fb2510a83cad9cfc52') in 0.023629 seconds 
  Import took 0.028109 seconds .

========================================================================
Received Import Request.
  Time since last request: 0.000503 seconds.
  path: Assets/Sprite/Tower/Tower 1 Turret Sprite.png
  artifactKey: Guid(96a67929e4ac6d04683bc83e49469958) Importer(815301076,1909f56bfc062723c751e8b465ee728b)
Start importing Assets/Sprite/Tower/Tower 1 Turret Sprite.png using Guid(96a67929e4ac6d04683bc83e49469958) Importer(815301076,1909f56bfc062723c751e8b465ee728b)  -> (artifact id: '5673434ac6d963fb2510a83cad9cfc52') in 0.028463 seconds 
  Import took 0.033572 seconds .

========================================================================
Received Import Request.
  Time since last request: 6.091143 seconds.
  path: Assets/Sprite/Enemy/Enemy01.png
  artifactKey: Guid(75543f13d1122e2428625b610cd3f8d5) Importer(815301076,1909f56bfc062723c751e8b465ee728b)
Start importing Assets/Sprite/Enemy/Enemy01.png using Guid(75543f13d1122e2428625b610cd3f8d5) Importer(815301076,1909f56bfc062723c751e8b465ee728b)  -> (artifact id: '44e8d0e7efefd953768e000827fbb782') in 0.026131 seconds 
  Import took 0.032198 seconds .

========================================================================
Received Import Request.
  Time since last request: 0.000200 seconds.
  path: Assets/Sprite/Enemy/Enemy03.png
  artifactKey: Guid(c2a82882d40f0f44799ce301843f9530) Importer(815301076,1909f56bfc062723c751e8b465ee728b)
Start importing Assets/Sprite/Enemy/Enemy03.png using Guid(c2a82882d40f0f44799ce301843f9530) Importer(815301076,1909f56bfc062723c751e8b465ee728b)  -> (artifact id: '75c806acf23abc7529e26ed45e86a4b2') in 0.022166 seconds 
  Import took 0.030329 seconds .

========================================================================
Received Import Request.
  Time since last request: 0.000214 seconds.
  path: Assets/Sprite/Enemy/Enemy05.png
  artifactKey: Guid(1d4b16c2d6f2cf844bf39c23909010c3) Importer(815301076,1909f56bfc062723c751e8b465ee728b)
Start importing Assets/Sprite/Enemy/Enemy05.png using Guid(1d4b16c2d6f2cf844bf39c23909010c3) Importer(815301076,1909f56bfc062723c751e8b465ee728b)  -> (artifact id: 'acfc8101839d89782dccb1339fc5eb1d') in 0.019251 seconds 
  Import took 0.024179 seconds .

========================================================================
Received Import Request.
  Time since last request: 0.000187 seconds.
  path: Assets/Sprite/Enemy/Enemy04.png
  artifactKey: Guid(7dbcb5b12aadb9845921998587249add) Importer(815301076,1909f56bfc062723c751e8b465ee728b)
Start importing Assets/Sprite/Enemy/Enemy04.png using Guid(7dbcb5b12aadb9845921998587249add) Importer(815301076,1909f56bfc062723c751e8b465ee728b)  -> (artifact id: 'b7fa59e88358672531bef26a5f73101e') in 0.018049 seconds 
  Import took 0.024664 seconds .

========================================================================
Received Import Request.
  Time since last request: 0.000322 seconds.
  path: Assets/Sprite/Enemy/Enemy02.png
  artifactKey: Guid(79deaab9153cbcf4d81d33b0272eec36) Importer(815301076,1909f56bfc062723c751e8b465ee728b)
Start importing Assets/Sprite/Enemy/Enemy02.png using Guid(79deaab9153cbcf4d81d33b0272eec36) Importer(815301076,1909f56bfc062723c751e8b465ee728b)  -> (artifact id: 'c7770ca23115c68ee0978ef627096788') in 0.019519 seconds 
  Import took 0.025993 seconds .

========================================================================
Received Prepare
Registering precompiled user dll's ...
Registered in 0.006840 seconds.
Begin MonoManager ReloadAssembly
Native extension for WindowsStandalone target not found
Refreshing native plugins compatible for Editor in 0.69 ms, found 3 plugins.
Preloading 0 native plugins for Editor in 0.00 ms.
Mono: successfully reloaded assembly
- Completed reload, in  1.451 seconds
Domain Reload Profiling:
	ReloadAssembly (1452ms)
		BeginReloadAssembly (132ms)
			ExecutionOrderSort (0ms)
			DisableScriptedObjects (8ms)
			BackupInstance (0ms)
			ReleaseScriptingObjects (0ms)
			CreateAndSetChildDomain (41ms)
		EndReloadAssembly (1238ms)
			LoadAssemblies (135ms)
			RebuildTransferFunctionScriptingTraits (0ms)
			SetupTypeCache (387ms)
			ReleaseScriptCaches (1ms)
			RebuildScriptCaches (60ms)
			SetupLoadedEditorAssemblies (509ms)
				LogAssemblyErrors (0ms)
				InitializePlatformSupportModulesInManaged (6ms)
				SetLoadedEditorAssemblies (1ms)
				RefreshPlugins (1ms)
				BeforeProcessingInitializeOnLoad (111ms)
				ProcessInitializeOnLoadAttributes (378ms)
				ProcessInitializeOnLoadMethodAttributes (8ms)
				AfterProcessingInitializeOnLoad (5ms)
				EditorAssembliesLoaded (0ms)
			ExecutionOrderSort2 (0ms)
			AwakeInstancesAfterBackupRestoration (14ms)
Platform modules already initialized, skipping
Refreshing native plugins compatible for Editor in 0.54 ms, found 3 plugins.
Preloading 0 native plugins for Editor in 0.00 ms.
Unloading 2259 Unused Serialized files (Serialized files now loaded: 0)
System memory in use before: 101.7 MB.
System memory in use after: 102.0 MB.

Unloading 17 unused Assets to reduce memory usage. Loaded Objects now: 2735.
Total: 4.415300 ms (FindLiveObjects: 0.289300 ms CreateObjectMapping: 0.072100 ms MarkObjects: 4.030500 ms  DeleteObjects: 0.021400 ms)

AssetImportParameters requested are different than current active one (requested -> active):
  custom:framework-win-MediaFoundation: 216162199b28c13a410421893ffa2e32 -> 
  custom:video-decoder-ogg-theora: a1e56fd34408186e4bbccfd4996cb3dc -> 
  custom:container-muxer-webm: aa71ff27fc2769a1b78a27578f13a17b -> 
  custom:container-demuxer-webm: 4f35f7cbe854078d1ac9338744f61a02 -> 
  custom:container-demuxer-ogg: 62fdf1f143b41e24485cea50d1cbac27 -> 
  custom:video-encoder-webm-vp8: eb34c28f22e8b96e1ab97ce403110664 -> 
  custom:video-decoder-webm-vp8: 9c59270c3fd7afecdb556c50c9e8de78 -> 
  custom:audio-decoder-ogg-vorbis: bf7c407c2cedff20999df2af8eb42d56 -> 
  custom:audio-encoder-webm-vorbis: bf7c407c2cedff20999df2af8eb42d56 -> 
========================================================================
Received Import Request.
  Time since last request: 44.110546 seconds.
  path: Assets/Prefabs/Characters/Tower/Tower1.1.prefab
  artifactKey: Guid(dca02ccbe2049a84fae65192f7b3fa30) Importer(815301076,1909f56bfc062723c751e8b465ee728b)
Start importing Assets/Prefabs/Characters/Tower/Tower1.1.prefab using Guid(dca02ccbe2049a84fae65192f7b3fa30) Importer(815301076,1909f56bfc062723c751e8b465ee728b)  -> (artifact id: 'c0a1bf0cce199d30e0e642dbbc3a0fec') in 0.075008 seconds 
  Import took 0.081448 seconds .

========================================================================
Received Import Request.
  Time since last request: 12.032987 seconds.
  path: Assets/Prefabs/Characters/Tower/Tower1.1.prefab
  artifactKey: Guid(dca02ccbe2049a84fae65192f7b3fa30) Importer(815301076,1909f56bfc062723c751e8b465ee728b)
Start importing Assets/Prefabs/Characters/Tower/Tower1.1.prefab using Guid(dca02ccbe2049a84fae65192f7b3fa30) Importer(815301076,1909f56bfc062723c751e8b465ee728b)  -> (artifact id: '547067effb44ee77f5b1c0a94148fa36') in 0.022207 seconds 
  Import took 0.026868 seconds .

========================================================================
Received Import Request.
  Time since last request: 16.649489 seconds.
  path: Assets/Prefabs/Characters/Tower/Tower1.1.prefab
  artifactKey: Guid(dca02ccbe2049a84fae65192f7b3fa30) Importer(815301076,1909f56bfc062723c751e8b465ee728b)
Start importing Assets/Prefabs/Characters/Tower/Tower1.1.prefab using Guid(dca02ccbe2049a84fae65192f7b3fa30) Importer(815301076,1909f56bfc062723c751e8b465ee728b)  -> (artifact id: '9dd4d615b7ccf9d0868f2dd570b1fb5b') in 0.016800 seconds 
  Import took 0.025182 seconds .

========================================================================
Received Import Request.
  Time since last request: 6.460398 seconds.
  path: Assets/Prefabs/Characters/Tower/Tower1.1.prefab
  artifactKey: Guid(dca02ccbe2049a84fae65192f7b3fa30) Importer(815301076,1909f56bfc062723c751e8b465ee728b)
Start importing Assets/Prefabs/Characters/Tower/Tower1.1.prefab using Guid(dca02ccbe2049a84fae65192f7b3fa30) Importer(815301076,1909f56bfc062723c751e8b465ee728b)  -> (artifact id: '03cf92aad2bb024b712bb24b271cfd7e') in 0.021404 seconds 
  Import took 0.026301 seconds .

========================================================================
Received Import Request.
  Time since last request: 1.193749 seconds.
  path: Assets/Prefabs/Characters/Tower/Tower1.1.prefab
  artifactKey: Guid(dca02ccbe2049a84fae65192f7b3fa30) Importer(815301076,1909f56bfc062723c751e8b465ee728b)
Start importing Assets/Prefabs/Characters/Tower/Tower1.1.prefab using Guid(dca02ccbe2049a84fae65192f7b3fa30) Importer(815301076,1909f56bfc062723c751e8b465ee728b)  -> (artifact id: 'be09f51f2d564ee4743d5c71c34f0307') in 0.018644 seconds 
  Import took 0.023104 seconds .

========================================================================
Received Import Request.
  Time since last request: 2.401556 seconds.
  path: Assets/Prefabs/Characters/Tower/Tower1.1.prefab
  artifactKey: Guid(dca02ccbe2049a84fae65192f7b3fa30) Importer(815301076,1909f56bfc062723c751e8b465ee728b)
Start importing Assets/Prefabs/Characters/Tower/Tower1.1.prefab using Guid(dca02ccbe2049a84fae65192f7b3fa30) Importer(815301076,1909f56bfc062723c751e8b465ee728b)  -> (artifact id: 'b9f3edd424984a84c01877683b1ddf5c') in 0.018533 seconds 
  Import took 0.025370 seconds .

========================================================================
Received Prepare
Registering precompiled user dll's ...
Registered in 0.008071 seconds.
Begin MonoManager ReloadAssembly
Native extension for WindowsStandalone target not found
Refreshing native plugins compatible for Editor in 0.57 ms, found 3 plugins.
Preloading 0 native plugins for Editor in 0.00 ms.
Mono: successfully reloaded assembly
- Completed reload, in  2.223 seconds
Domain Reload Profiling:
	ReloadAssembly (2224ms)
		BeginReloadAssembly (215ms)
			ExecutionOrderSort (0ms)
			DisableScriptedObjects (12ms)
			BackupInstance (0ms)
			ReleaseScriptingObjects (0ms)
			CreateAndSetChildDomain (65ms)
		EndReloadAssembly (1885ms)
			LoadAssemblies (191ms)
			RebuildTransferFunctionScriptingTraits (0ms)
			SetupTypeCache (602ms)
			ReleaseScriptCaches (2ms)
			RebuildScriptCaches (85ms)
			SetupLoadedEditorAssemblies (783ms)
				LogAssemblyErrors (0ms)
				InitializePlatformSupportModulesInManaged (13ms)
				SetLoadedEditorAssemblies (2ms)
				RefreshPlugins (1ms)
				BeforeProcessingInitializeOnLoad (156ms)
				ProcessInitializeOnLoadAttributes (593ms)
				ProcessInitializeOnLoadMethodAttributes (11ms)
				AfterProcessingInitializeOnLoad (7ms)
				EditorAssembliesLoaded (0ms)
			ExecutionOrderSort2 (0ms)
			AwakeInstancesAfterBackupRestoration (20ms)
Platform modules already initialized, skipping
Refreshing native plugins compatible for Editor in 1.03 ms, found 3 plugins.
Preloading 0 native plugins for Editor in 0.00 ms.
Unloading 2259 Unused Serialized files (Serialized files now loaded: 0)
System memory in use before: 101.7 MB.
System memory in use after: 101.9 MB.

Unloading 17 unused Assets to reduce memory usage. Loaded Objects now: 2739.
Total: 6.472800 ms (FindLiveObjects: 0.351300 ms CreateObjectMapping: 0.169800 ms MarkObjects: 5.920700 ms  DeleteObjects: 0.028500 ms)

AssetImportParameters requested are different than current active one (requested -> active):
  custom:framework-win-MediaFoundation: 216162199b28c13a410421893ffa2e32 -> 
  custom:video-decoder-ogg-theora: a1e56fd34408186e4bbccfd4996cb3dc -> 
  custom:container-muxer-webm: aa71ff27fc2769a1b78a27578f13a17b -> 
  custom:container-demuxer-webm: 4f35f7cbe854078d1ac9338744f61a02 -> 
  custom:container-demuxer-ogg: 62fdf1f143b41e24485cea50d1cbac27 -> 
  custom:video-encoder-webm-vp8: eb34c28f22e8b96e1ab97ce403110664 -> 
  custom:video-decoder-webm-vp8: 9c59270c3fd7afecdb556c50c9e8de78 -> 
  custom:audio-decoder-ogg-vorbis: bf7c407c2cedff20999df2af8eb42d56 -> 
  custom:audio-encoder-webm-vorbis: bf7c407c2cedff20999df2af8eb42d56 -> 
========================================================================
Received Prepare
Registering precompiled user dll's ...
Registered in 0.006361 seconds.
Begin MonoManager ReloadAssembly
Native extension for WindowsStandalone target not found
Refreshing native plugins compatible for Editor in 0.57 ms, found 3 plugins.
Preloading 0 native plugins for Editor in 0.00 ms.
Mono: successfully reloaded assembly
- Completed reload, in  1.602 seconds
Domain Reload Profiling:
	ReloadAssembly (1603ms)
		BeginReloadAssembly (144ms)
			ExecutionOrderSort (0ms)
			DisableScriptedObjects (15ms)
			BackupInstance (0ms)
			ReleaseScriptingObjects (0ms)
			CreateAndSetChildDomain (43ms)
		EndReloadAssembly (1379ms)
			LoadAssemblies (120ms)
			RebuildTransferFunctionScriptingTraits (0ms)
			SetupTypeCache (462ms)
			ReleaseScriptCaches (1ms)
			RebuildScriptCaches (88ms)
			SetupLoadedEditorAssemblies (520ms)
				LogAssemblyErrors (0ms)
				InitializePlatformSupportModulesInManaged (7ms)
				SetLoadedEditorAssemblies (1ms)
				RefreshPlugins (1ms)
				BeforeProcessingInitializeOnLoad (112ms)
				ProcessInitializeOnLoadAttributes (388ms)
				ProcessInitializeOnLoadMethodAttributes (9ms)
				AfterProcessingInitializeOnLoad (3ms)
				EditorAssembliesLoaded (0ms)
			ExecutionOrderSort2 (0ms)
			AwakeInstancesAfterBackupRestoration (15ms)
Platform modules already initialized, skipping
Refreshing native plugins compatible for Editor in 0.54 ms, found 3 plugins.
Preloading 0 native plugins for Editor in 0.00 ms.
Unloading 2259 Unused Serialized files (Serialized files now loaded: 0)
System memory in use before: 101.8 MB.
System memory in use after: 102.0 MB.

Unloading 17 unused Assets to reduce memory usage. Loaded Objects now: 2742.
Total: 3.844200 ms (FindLiveObjects: 0.270000 ms CreateObjectMapping: 0.059400 ms MarkObjects: 3.487900 ms  DeleteObjects: 0.024900 ms)

AssetImportParameters requested are different than current active one (requested -> active):
  custom:framework-win-MediaFoundation: 216162199b28c13a410421893ffa2e32 -> 
  custom:video-decoder-ogg-theora: a1e56fd34408186e4bbccfd4996cb3dc -> 
  custom:container-muxer-webm: aa71ff27fc2769a1b78a27578f13a17b -> 
  custom:container-demuxer-webm: 4f35f7cbe854078d1ac9338744f61a02 -> 
  custom:container-demuxer-ogg: 62fdf1f143b41e24485cea50d1cbac27 -> 
  custom:video-encoder-webm-vp8: eb34c28f22e8b96e1ab97ce403110664 -> 
  custom:video-decoder-webm-vp8: 9c59270c3fd7afecdb556c50c9e8de78 -> 
  custom:audio-decoder-ogg-vorbis: bf7c407c2cedff20999df2af8eb42d56 -> 
  custom:audio-encoder-webm-vorbis: bf7c407c2cedff20999df2af8eb42d56 -> 
========================================================================
Received Prepare
Registering precompiled user dll's ...
Registered in 0.010654 seconds.
Begin MonoManager ReloadAssembly
Native extension for WindowsStandalone target not found
Refreshing native plugins compatible for Editor in 0.91 ms, found 3 plugins.
Preloading 0 native plugins for Editor in 0.00 ms.
Mono: successfully reloaded assembly
- Completed reload, in  1.965 seconds
Domain Reload Profiling:
	ReloadAssembly (1966ms)
		BeginReloadAssembly (165ms)
			ExecutionOrderSort (0ms)
			DisableScriptedObjects (9ms)
			BackupInstance (0ms)
			ReleaseScriptingObjects (0ms)
			CreateAndSetChildDomain (46ms)
		EndReloadAssembly (1704ms)
			LoadAssemblies (139ms)
			RebuildTransferFunctionScriptingTraits (0ms)
			SetupTypeCache (527ms)
			ReleaseScriptCaches (2ms)
			RebuildScriptCaches (87ms)
			SetupLoadedEditorAssemblies (726ms)
				LogAssemblyErrors (0ms)
				InitializePlatformSupportModulesInManaged (11ms)
				SetLoadedEditorAssemblies (1ms)
				RefreshPlugins (1ms)
				BeforeProcessingInitializeOnLoad (152ms)
				ProcessInitializeOnLoadAttributes (544ms)
				ProcessInitializeOnLoadMethodAttributes (12ms)
				AfterProcessingInitializeOnLoad (4ms)
				EditorAssembliesLoaded (0ms)
			ExecutionOrderSort2 (0ms)
			AwakeInstancesAfterBackupRestoration (19ms)
Platform modules already initialized, skipping
Refreshing native plugins compatible for Editor in 0.62 ms, found 3 plugins.
Preloading 0 native plugins for Editor in 0.00 ms.
Unloading 2259 Unused Serialized files (Serialized files now loaded: 0)
System memory in use before: 101.8 MB.
System memory in use after: 102.0 MB.

Unloading 17 unused Assets to reduce memory usage. Loaded Objects now: 2745.
Total: 8.518100 ms (FindLiveObjects: 0.820400 ms CreateObjectMapping: 0.173200 ms MarkObjects: 7.498100 ms  DeleteObjects: 0.024700 ms)

AssetImportParameters requested are different than current active one (requested -> active):
  custom:framework-win-MediaFoundation: 216162199b28c13a410421893ffa2e32 -> 
  custom:video-decoder-ogg-theora: a1e56fd34408186e4bbccfd4996cb3dc -> 
  custom:container-muxer-webm: aa71ff27fc2769a1b78a27578f13a17b -> 
  custom:container-demuxer-webm: 4f35f7cbe854078d1ac9338744f61a02 -> 
  custom:container-demuxer-ogg: 62fdf1f143b41e24485cea50d1cbac27 -> 
  custom:video-encoder-webm-vp8: eb34c28f22e8b96e1ab97ce403110664 -> 
  custom:video-decoder-webm-vp8: 9c59270c3fd7afecdb556c50c9e8de78 -> 
  custom:audio-decoder-ogg-vorbis: bf7c407c2cedff20999df2af8eb42d56 -> 
  custom:audio-encoder-webm-vorbis: bf7c407c2cedff20999df2af8eb42d56 -> 
========================================================================
Received Import Request.
  Time since last request: 69.709546 seconds.
  path: Assets/Sprite/Enemy/Enemy03.png
  artifactKey: Guid(c2a82882d40f0f44799ce301843f9530) Importer(815301076,1909f56bfc062723c751e8b465ee728b)
Start importing Assets/Sprite/Enemy/Enemy03.png using Guid(c2a82882d40f0f44799ce301843f9530) Importer(815301076,1909f56bfc062723c751e8b465ee728b)  -> (artifact id: '4a6510b79650f6048686a0adbaa719f6') in 0.089075 seconds 
  Import took 0.095763 seconds .

========================================================================
Received Import Request.
  Time since last request: 0.000396 seconds.
  path: Assets/Sprite/Enemy/Enemy05.png
  artifactKey: Guid(1d4b16c2d6f2cf844bf39c23909010c3) Importer(815301076,1909f56bfc062723c751e8b465ee728b)
Start importing Assets/Sprite/Enemy/Enemy05.png using Guid(1d4b16c2d6f2cf844bf39c23909010c3) Importer(815301076,1909f56bfc062723c751e8b465ee728b)  -> (artifact id: 'cf09b54e13f21239ec1f96f35c8154a7') in 0.023077 seconds 
  Import took 0.028653 seconds .

========================================================================
Received Import Request.
  Time since last request: 0.000572 seconds.
  path: Assets/Sprite/Enemy/Enemy04.png
  artifactKey: Guid(7dbcb5b12aadb9845921998587249add) Importer(815301076,1909f56bfc062723c751e8b465ee728b)
Start importing Assets/Sprite/Enemy/Enemy04.png using Guid(7dbcb5b12aadb9845921998587249add) Importer(815301076,1909f56bfc062723c751e8b465ee728b)  -> (artifact id: '7eac75e32fb90d899626dea645f1f05d') in 0.016925 seconds 
  Import took 0.023762 seconds .

========================================================================
Received Import Request.
  Time since last request: 0.000237 seconds.
  path: Assets/Sprite/Enemy/Enemy01.png
  artifactKey: Guid(75543f13d1122e2428625b610cd3f8d5) Importer(815301076,1909f56bfc062723c751e8b465ee728b)
Start importing Assets/Sprite/Enemy/Enemy01.png using Guid(75543f13d1122e2428625b610cd3f8d5) Importer(815301076,1909f56bfc062723c751e8b465ee728b)  -> (artifact id: '070c25bcd947ac305eae56dc122f0128') in 0.016441 seconds 
  Import took 0.021415 seconds .

========================================================================
Received Import Request.
  Time since last request: 0.000193 seconds.
  path: Assets/Sprite/Enemy/Enemy02.png
  artifactKey: Guid(79deaab9153cbcf4d81d33b0272eec36) Importer(815301076,1909f56bfc062723c751e8b465ee728b)
Start importing Assets/Sprite/Enemy/Enemy02.png using Guid(79deaab9153cbcf4d81d33b0272eec36) Importer(815301076,1909f56bfc062723c751e8b465ee728b)  -> (artifact id: 'fbdb89ec1ae5390bca19b692c3f6f5ad') in 0.019351 seconds 
  Import took 0.023402 seconds .

========================================================================
Received Import Request.
  Time since last request: 44.150301 seconds.
  path: Assets/Prefabs/Characters/Tower/Tower1.1.prefab
  artifactKey: Guid(dca02ccbe2049a84fae65192f7b3fa30) Importer(815301076,1909f56bfc062723c751e8b465ee728b)
Start importing Assets/Prefabs/Characters/Tower/Tower1.1.prefab using Guid(dca02ccbe2049a84fae65192f7b3fa30) Importer(815301076,1909f56bfc062723c751e8b465ee728b)  -> (artifact id: '1f3bfffcadb3a843add6fbb3c1300615') in 0.049119 seconds 
  Import took 0.054798 seconds .

========================================================================
Received Import Request.
  Time since last request: 6.560786 seconds.
  path: Assets/Prefabs/Characters/Tower/Tower1.1.prefab
  artifactKey: Guid(dca02ccbe2049a84fae65192f7b3fa30) Importer(815301076,1909f56bfc062723c751e8b465ee728b)
Start importing Assets/Prefabs/Characters/Tower/Tower1.1.prefab using Guid(dca02ccbe2049a84fae65192f7b3fa30) Importer(815301076,1909f56bfc062723c751e8b465ee728b)  -> (artifact id: 'ce4802889060f88cc7f229375793513c') in 0.023947 seconds 
  Import took 0.030908 seconds .

========================================================================
Received Import Request.
  Time since last request: 16.451928 seconds.
  path: Assets/Prefabs/Characters/Tower/Bullet
  artifactKey: Guid(02894574ab54a304d9e9ea47783cc52c) Importer(815301076,1909f56bfc062723c751e8b465ee728b)
Start importing Assets/Prefabs/Characters/Tower/Bullet using Guid(02894574ab54a304d9e9ea47783cc52c) Importer(815301076,1909f56bfc062723c751e8b465ee728b)  -> (artifact id: '987a83c30537cac7aad4722873a2e86f') in 0.010108 seconds 
  Import took 0.016392 seconds .

========================================================================
Received Import Request.
  Time since last request: 0.000259 seconds.
  path: Assets/Prefabs/Characters/Tower/Bullet
  artifactKey: Guid(02894574ab54a304d9e9ea47783cc52c) Importer(815301076,1909f56bfc062723c751e8b465ee728b)
Start importing Assets/Prefabs/Characters/Tower/Bullet using Guid(02894574ab54a304d9e9ea47783cc52c) Importer(815301076,1909f56bfc062723c751e8b465ee728b)  -> (artifact id: '987a83c30537cac7aad4722873a2e86f') in 0.004625 seconds 
  Import took 0.009352 seconds .

========================================================================
Received Import Request.
  Time since last request: 8.175854 seconds.
  path: Assets/Prefabs/Characters/Tower/Bullet/Bullet1.prefab
  artifactKey: Guid(baa4e5b1783470a4ca48c78798428501) Importer(815301076,1909f56bfc062723c751e8b465ee728b)
Start importing Assets/Prefabs/Characters/Tower/Bullet/Bullet1.prefab using Guid(baa4e5b1783470a4ca48c78798428501) Importer(815301076,1909f56bfc062723c751e8b465ee728b)  -> (artifact id: 'b3c2ec21de3310c44c39a1f35c094ad3') in 0.036291 seconds 
  Import took 0.042201 seconds .

========================================================================
Received Import Request.
  Time since last request: 0.003658 seconds.
  path: Assets/Prefabs/Characters/Tower/Bullet/Bullet1.prefab
  artifactKey: Guid(baa4e5b1783470a4ca48c78798428501) Importer(815301076,1909f56bfc062723c751e8b465ee728b)
Start importing Assets/Prefabs/Characters/Tower/Bullet/Bullet1.prefab using Guid(baa4e5b1783470a4ca48c78798428501) Importer(815301076,1909f56bfc062723c751e8b465ee728b)  -> (artifact id: 'b3c2ec21de3310c44c39a1f35c094ad3') in 0.026912 seconds 
  Import took 0.031288 seconds .

========================================================================
Received Import Request.
  Time since last request: 18.982343 seconds.
  path: Assets/Prefabs/Characters/Tower/Bullet/Bullet1.prefab
  artifactKey: Guid(baa4e5b1783470a4ca48c78798428501) Importer(815301076,1909f56bfc062723c751e8b465ee728b)
Start importing Assets/Prefabs/Characters/Tower/Bullet/Bullet1.prefab using Guid(baa4e5b1783470a4ca48c78798428501) Importer(815301076,1909f56bfc062723c751e8b465ee728b)  -> (artifact id: '1ee26865961e69fdd6a3989e814b78d0') in 0.011956 seconds 
  Import took 0.020984 seconds .

========================================================================
Received Import Request.
  Time since last request: 1.175964 seconds.
  path: Assets/Prefabs/Characters/Tower/Bullet/Bullet1.prefab
  artifactKey: Guid(baa4e5b1783470a4ca48c78798428501) Importer(815301076,1909f56bfc062723c751e8b465ee728b)
Start importing Assets/Prefabs/Characters/Tower/Bullet/Bullet1.prefab using Guid(baa4e5b1783470a4ca48c78798428501) Importer(815301076,1909f56bfc062723c751e8b465ee728b)  -> (artifact id: '1205b4ff5654505f63be10378b4ef477') in 0.016601 seconds 
  Import took 0.022211 seconds .

========================================================================
Received Import Request.
  Time since last request: 38.589415 seconds.
  path: Assets/Prefabs/Characters/Tower/Bullet/Bullet1.prefab
  artifactKey: Guid(baa4e5b1783470a4ca48c78798428501) Importer(815301076,1909f56bfc062723c751e8b465ee728b)
Start importing Assets/Prefabs/Characters/Tower/Bullet/Bullet1.prefab using Guid(baa4e5b1783470a4ca48c78798428501) Importer(815301076,1909f56bfc062723c751e8b465ee728b)  -> (artifact id: '46acc108dc35779b9131420ebb1a3d6e') in 0.030109 seconds 
  Import took 0.036838 seconds .

========================================================================
Received Import Request.
  Time since last request: 2.985580 seconds.
  path: Assets/Prefabs/Characters/Tower/Bullet/Bullet1.prefab
  artifactKey: Guid(baa4e5b1783470a4ca48c78798428501) Importer(815301076,1909f56bfc062723c751e8b465ee728b)
Start importing Assets/Prefabs/Characters/Tower/Bullet/Bullet1.prefab using Guid(baa4e5b1783470a4ca48c78798428501) Importer(815301076,1909f56bfc062723c751e8b465ee728b)  -> (artifact id: '53bc0a58d8113a225255ca1cd00e43b3') in 0.023579 seconds 
  Import took 0.028088 seconds .

========================================================================
Received Import Request.
  Time since last request: 6.641986 seconds.
  path: Assets/Prefabs/Characters/Tower/Bullet/Bullet1.prefab
  artifactKey: Guid(baa4e5b1783470a4ca48c78798428501) Importer(815301076,1909f56bfc062723c751e8b465ee728b)
Start importing Assets/Prefabs/Characters/Tower/Bullet/Bullet1.prefab using Guid(baa4e5b1783470a4ca48c78798428501) Importer(815301076,1909f56bfc062723c751e8b465ee728b)  -> (artifact id: '1b47e7b280b78df3bd5a76a33854ee7c') in 0.017168 seconds 
  Import took 0.026459 seconds .

========================================================================
Received Import Request.
  Time since last request: 3.947797 seconds.
  path: Assets/Prefabs/Characters/Tower/Bullet/Bullet1.prefab
  artifactKey: Guid(baa4e5b1783470a4ca48c78798428501) Importer(815301076,1909f56bfc062723c751e8b465ee728b)
Start importing Assets/Prefabs/Characters/Tower/Bullet/Bullet1.prefab using Guid(baa4e5b1783470a4ca48c78798428501) Importer(815301076,1909f56bfc062723c751e8b465ee728b)  -> (artifact id: '0688b1de81f5f6dedf4a681b056966dd') in 0.019415 seconds 
  Import took 0.028644 seconds .

========================================================================
Received Import Request.
  Time since last request: 4.741391 seconds.
  path: Assets/Prefabs/Characters/Tower/Bullet/Bullet1.prefab
  artifactKey: Guid(baa4e5b1783470a4ca48c78798428501) Importer(815301076,1909f56bfc062723c751e8b465ee728b)
Start importing Assets/Prefabs/Characters/Tower/Bullet/Bullet1.prefab using Guid(baa4e5b1783470a4ca48c78798428501) Importer(815301076,1909f56bfc062723c751e8b465ee728b)  -> (artifact id: '4befbcef151b045ad949d187eb6537f1') in 0.023417 seconds 
  Import took 0.028552 seconds .

========================================================================
Received Import Request.
  Time since last request: 2.086511 seconds.
  path: Assets/Prefabs/Characters/Tower/Bullet/Bullet1.prefab
  artifactKey: Guid(baa4e5b1783470a4ca48c78798428501) Importer(815301076,1909f56bfc062723c751e8b465ee728b)
Start importing Assets/Prefabs/Characters/Tower/Bullet/Bullet1.prefab using Guid(baa4e5b1783470a4ca48c78798428501) Importer(815301076,1909f56bfc062723c751e8b465ee728b)  -> (artifact id: '8572315ca05d25a63dfadab748144120') in 0.028371 seconds 
  Import took 0.032474 seconds .

========================================================================
Received Import Request.
  Time since last request: 79.010526 seconds.
  path: Assets/Prefabs/Characters/Tower/Bullet/Bullet1.prefab
  artifactKey: Guid(baa4e5b1783470a4ca48c78798428501) Importer(815301076,1909f56bfc062723c751e8b465ee728b)
Start importing Assets/Prefabs/Characters/Tower/Bullet/Bullet1.prefab using Guid(baa4e5b1783470a4ca48c78798428501) Importer(815301076,1909f56bfc062723c751e8b465ee728b)  -> (artifact id: '3deb74307cf7055f72f315f227740208') in 0.016046 seconds 
  Import took 0.023714 seconds .

========================================================================
Received Import Request.
  Time since last request: 16.746848 seconds.
  path: Assets/Prefabs/Characters/Tower/Bullet/Bullet1.prefab
  artifactKey: Guid(baa4e5b1783470a4ca48c78798428501) Importer(815301076,1909f56bfc062723c751e8b465ee728b)
Start importing Assets/Prefabs/Characters/Tower/Bullet/Bullet1.prefab using Guid(baa4e5b1783470a4ca48c78798428501) Importer(815301076,1909f56bfc062723c751e8b465ee728b)  -> (artifact id: 'cd66622ede4ba2704047df927f8c0ab0') in 0.016118 seconds 
  Import took 0.020364 seconds .

========================================================================
Received Import Request.
  Time since last request: 5.841883 seconds.
  path: Assets/Prefabs/Characters/Tower/Bullet/Bullet1.prefab
  artifactKey: Guid(baa4e5b1783470a4ca48c78798428501) Importer(815301076,1909f56bfc062723c751e8b465ee728b)
Start importing Assets/Prefabs/Characters/Tower/Bullet/Bullet1.prefab using Guid(baa4e5b1783470a4ca48c78798428501) Importer(815301076,1909f56bfc062723c751e8b465ee728b)  -> (artifact id: '5503f756b991bdd5c89253cb92c58452') in 0.014876 seconds 
  Import took 0.019177 seconds .

========================================================================
Received Import Request.
  Time since last request: 29.490108 seconds.
  path: Assets/Prefabs/Characters/Tower/Bullet/Bullet1.prefab
  artifactKey: Guid(baa4e5b1783470a4ca48c78798428501) Importer(815301076,1909f56bfc062723c751e8b465ee728b)
Start importing Assets/Prefabs/Characters/Tower/Bullet/Bullet1.prefab using Guid(baa4e5b1783470a4ca48c78798428501) Importer(815301076,1909f56bfc062723c751e8b465ee728b)  -> (artifact id: 'f85dc2334ebca75d5198a6025f5e09d2') in 0.016621 seconds 
  Import took 0.021987 seconds .

========================================================================
Received Import Request.
  Time since last request: 4.007517 seconds.
  path: Assets/Prefabs/Characters/Tower/Bullet/Bullet1.prefab
  artifactKey: Guid(baa4e5b1783470a4ca48c78798428501) Importer(815301076,1909f56bfc062723c751e8b465ee728b)
Start importing Assets/Prefabs/Characters/Tower/Bullet/Bullet1.prefab using Guid(baa4e5b1783470a4ca48c78798428501) Importer(815301076,1909f56bfc062723c751e8b465ee728b)  -> (artifact id: 'b1e4ad2fe7b9c08316358644e9a2fbc8') in 0.024362 seconds 
  Import took 0.029196 seconds .

========================================================================
Received Import Request.
  Time since last request: 29.300136 seconds.
  path: Assets/Prefabs/Characters/Tower/Bullet/Bullet1.prefab
  artifactKey: Guid(baa4e5b1783470a4ca48c78798428501) Importer(815301076,1909f56bfc062723c751e8b465ee728b)
Start importing Assets/Prefabs/Characters/Tower/Bullet/Bullet1.prefab using Guid(baa4e5b1783470a4ca48c78798428501) Importer(815301076,1909f56bfc062723c751e8b465ee728b)  -> (artifact id: '4b59c5cecb02309e9f1615342f2afde8') in 0.014633 seconds 
  Import took 0.018918 seconds .

========================================================================
Received Prepare
Registering precompiled user dll's ...
Registered in 0.006302 seconds.
Begin MonoManager ReloadAssembly
Native extension for WindowsStandalone target not found
Refreshing native plugins compatible for Editor in 0.63 ms, found 3 plugins.
Preloading 0 native plugins for Editor in 0.00 ms.
Mono: successfully reloaded assembly
- Completed reload, in  2.315 seconds
Domain Reload Profiling:
	ReloadAssembly (2316ms)
		BeginReloadAssembly (232ms)
			ExecutionOrderSort (0ms)
			DisableScriptedObjects (12ms)
			BackupInstance (0ms)
			ReleaseScriptingObjects (0ms)
			CreateAndSetChildDomain (93ms)
		EndReloadAssembly (1974ms)
			LoadAssemblies (179ms)
			RebuildTransferFunctionScriptingTraits (0ms)
			SetupTypeCache (608ms)
			ReleaseScriptCaches (2ms)
			RebuildScriptCaches (99ms)
			SetupLoadedEditorAssemblies (806ms)
				LogAssemblyErrors (0ms)
				InitializePlatformSupportModulesInManaged (9ms)
				SetLoadedEditorAssemblies (2ms)
				RefreshPlugins (1ms)
				BeforeProcessingInitializeOnLoad (161ms)
				ProcessInitializeOnLoadAttributes (579ms)
				ProcessInitializeOnLoadMethodAttributes (45ms)
				AfterProcessingInitializeOnLoad (9ms)
				EditorAssembliesLoaded (1ms)
			ExecutionOrderSort2 (0ms)
			AwakeInstancesAfterBackupRestoration (60ms)
Platform modules already initialized, skipping
Refreshing native plugins compatible for Editor in 0.59 ms, found 3 plugins.
Preloading 0 native plugins for Editor in 0.00 ms.
Unloading 2259 Unused Serialized files (Serialized files now loaded: 0)
System memory in use before: 101.8 MB.
System memory in use after: 102.0 MB.

Unloading 17 unused Assets to reduce memory usage. Loaded Objects now: 2749.
Total: 4.978600 ms (FindLiveObjects: 0.283300 ms CreateObjectMapping: 0.077600 ms MarkObjects: 4.590400 ms  DeleteObjects: 0.025600 ms)

AssetImportParameters requested are different than current active one (requested -> active):
  custom:framework-win-MediaFoundation: 216162199b28c13a410421893ffa2e32 -> 
  custom:video-decoder-ogg-theora: a1e56fd34408186e4bbccfd4996cb3dc -> 
  custom:container-muxer-webm: aa71ff27fc2769a1b78a27578f13a17b -> 
  custom:container-demuxer-webm: 4f35f7cbe854078d1ac9338744f61a02 -> 
  custom:container-demuxer-ogg: 62fdf1f143b41e24485cea50d1cbac27 -> 
  custom:video-encoder-webm-vp8: eb34c28f22e8b96e1ab97ce403110664 -> 
  custom:video-decoder-webm-vp8: 9c59270c3fd7afecdb556c50c9e8de78 -> 
  custom:audio-decoder-ogg-vorbis: bf7c407c2cedff20999df2af8eb42d56 -> 
  custom:audio-encoder-webm-vorbis: bf7c407c2cedff20999df2af8eb42d56 -> 
========================================================================
Received Import Request.
  Time since last request: 37.924689 seconds.
  path: Assets/Prefabs/Characters/Tower/Bullet/Bullet1.prefab
  artifactKey: Guid(baa4e5b1783470a4ca48c78798428501) Importer(815301076,1909f56bfc062723c751e8b465ee728b)
Start importing Assets/Prefabs/Characters/Tower/Bullet/Bullet1.prefab using Guid(baa4e5b1783470a4ca48c78798428501) Importer(815301076,1909f56bfc062723c751e8b465ee728b)  -> (artifact id: 'f8b915bd7c6f904a22bf6e6337012f1f') in 0.103176 seconds 
  Import took 0.108129 seconds .

========================================================================
Received Prepare
Registering precompiled user dll's ...
Registered in 0.008263 seconds.
Begin MonoManager ReloadAssembly
Native extension for WindowsStandalone target not found
Refreshing native plugins compatible for Editor in 0.58 ms, found 3 plugins.
Preloading 0 native plugins for Editor in 0.00 ms.
Mono: successfully reloaded assembly
- Completed reload, in  1.486 seconds
Domain Reload Profiling:
	ReloadAssembly (1487ms)
		BeginReloadAssembly (149ms)
			ExecutionOrderSort (0ms)
			DisableScriptedObjects (8ms)
			BackupInstance (0ms)
			ReleaseScriptingObjects (0ms)
			CreateAndSetChildDomain (53ms)
		EndReloadAssembly (1252ms)
			LoadAssemblies (154ms)
			RebuildTransferFunctionScriptingTraits (0ms)
			SetupTypeCache (406ms)
			ReleaseScriptCaches (1ms)
			RebuildScriptCaches (58ms)
			SetupLoadedEditorAssemblies (494ms)
				LogAssemblyErrors (0ms)
				InitializePlatformSupportModulesInManaged (6ms)
				SetLoadedEditorAssemblies (1ms)
				RefreshPlugins (1ms)
				BeforeProcessingInitializeOnLoad (104ms)
				ProcessInitializeOnLoadAttributes (372ms)
				ProcessInitializeOnLoadMethodAttributes (7ms)
				AfterProcessingInitializeOnLoad (3ms)
				EditorAssembliesLoaded (0ms)
			ExecutionOrderSort2 (0ms)
			AwakeInstancesAfterBackupRestoration (13ms)
Platform modules already initialized, skipping
Refreshing native plugins compatible for Editor in 0.53 ms, found 3 plugins.
Preloading 0 native plugins for Editor in 0.00 ms.
Unloading 2259 Unused Serialized files (Serialized files now loaded: 0)
System memory in use before: 101.8 MB.
System memory in use after: 102.0 MB.

Unloading 17 unused Assets to reduce memory usage. Loaded Objects now: 2753.
Total: 4.678900 ms (FindLiveObjects: 0.306100 ms CreateObjectMapping: 0.103000 ms MarkObjects: 4.245600 ms  DeleteObjects: 0.022400 ms)

AssetImportParameters requested are different than current active one (requested -> active):
  custom:framework-win-MediaFoundation: 216162199b28c13a410421893ffa2e32 -> 
  custom:video-decoder-ogg-theora: a1e56fd34408186e4bbccfd4996cb3dc -> 
  custom:container-muxer-webm: aa71ff27fc2769a1b78a27578f13a17b -> 
  custom:container-demuxer-webm: 4f35f7cbe854078d1ac9338744f61a02 -> 
  custom:container-demuxer-ogg: 62fdf1f143b41e24485cea50d1cbac27 -> 
  custom:video-encoder-webm-vp8: eb34c28f22e8b96e1ab97ce403110664 -> 
  custom:video-decoder-webm-vp8: 9c59270c3fd7afecdb556c50c9e8de78 -> 
  custom:audio-decoder-ogg-vorbis: bf7c407c2cedff20999df2af8eb42d56 -> 
  custom:audio-encoder-webm-vorbis: bf7c407c2cedff20999df2af8eb42d56 -> 
AssetImportWorkerClient::OnTransportError - code=2 error=End of file
