Using pre-set license
Built from '2020.3/staging' branch; Version is '2020.3.16f1 (049d6eca3c44) revision 302446'; Using compiler version '192528614'; Build Type 'Release'
OS: 'Windows 10 Pro; OS build 19042.1237; Version 2009; 64bit' Language: 'en' Physical Memory: 16332 MB
BatchMode: 1, IsHumanControllingUs: 0, StartBugReporterOnCrash: 0, Is64bit: 1, IsPro: 0

 COMMAND LINE ARGUMENTS:
D:\Unity\2020.3.16f1\Editor\Unity.exe
-adb2
-batchMode
-noUpm
-name
AssetImportWorker0
-projectPath
C:/Users/ndonp/OneDrive/Documents/GitHub/spar/RiftGuard
-logFile
Logs/AssetImportWorker0.log
-srvPort
62820
Successfully changed project path to: C:/Users/ndonp/OneDrive/Documents/GitHub/spar/RiftGuard
C:/Users/ndonp/OneDrive/Documents/GitHub/spar/RiftGuard
Using Asset Import Pipeline V2.
Refreshing native plugins compatible for Editor in 59.24 ms, found 3 plugins.
Preloading 0 native plugins for Editor in 0.00 ms.
Initialize engine version: 2020.3.16f1 (049d6eca3c44)
[Subsystems] Discovering subsystems at path D:/Unity/2020.3.16f1/Editor/Data/Resources/UnitySubsystems
[Subsystems] Discovering subsystems at path C:/Users/ndonp/OneDrive/Documents/GitHub/spar/RiftGuard/Assets
GfxDevice: creating device client; threaded=0
Direct3D:
    Version:  Direct3D 11.0 [level 11.1]
    Renderer: NVIDIA GeForce GTX 1650 (ID=0x1f82)
    Vendor:   
    VRAM:     3962 MB
    Driver:   30.0.14.7196
Initialize mono
Mono path[0] = 'D:/Unity/2020.3.16f1/Editor/Data/Managed'
Mono path[1] = 'D:/Unity/2020.3.16f1/Editor/Data/MonoBleedingEdge/lib/mono/unityjit'
Mono config path = 'D:/Unity/2020.3.16f1/Editor/Data/MonoBleedingEdge/etc'
Using monoOptions --debugger-agent=transport=dt_socket,embedding=1,server=y,suspend=n,address=127.0.0.1:56472
Begin MonoManager ReloadAssembly
Registering precompiled unity dll's ...
Register platform support module: D:/Unity/2020.3.16f1/Editor/Data/PlaybackEngines/WindowsStandaloneSupport/UnityEditor.WindowsStandalone.Extensions.dll
Registered in 0.001528 seconds.
Native extension for WindowsStandalone target not found
Refreshing native plugins compatible for Editor in 60.19 ms, found 3 plugins.
Preloading 0 native plugins for Editor in 0.00 ms.
Mono: successfully reloaded assembly
- Completed reload, in  1.392 seconds
Domain Reload Profiling:
	ReloadAssembly (1392ms)
		BeginReloadAssembly (68ms)
			ExecutionOrderSort (0ms)
			DisableScriptedObjects (0ms)
			BackupInstance (0ms)
			ReleaseScriptingObjects (0ms)
			CreateAndSetChildDomain (1ms)
		EndReloadAssembly (562ms)
			LoadAssemblies (67ms)
			RebuildTransferFunctionScriptingTraits (0ms)
			SetupTypeCache (211ms)
			ReleaseScriptCaches (0ms)
			RebuildScriptCaches (36ms)
			SetupLoadedEditorAssemblies (228ms)
				LogAssemblyErrors (0ms)
				InitializePlatformSupportModulesInManaged (6ms)
				SetLoadedEditorAssemblies (0ms)
				RefreshPlugins (60ms)
				BeforeProcessingInitializeOnLoad (21ms)
				ProcessInitializeOnLoadAttributes (103ms)
				ProcessInitializeOnLoadMethodAttributes (38ms)
				AfterProcessingInitializeOnLoad (0ms)
				EditorAssembliesLoaded (0ms)
			ExecutionOrderSort2 (0ms)
			AwakeInstancesAfterBackupRestoration (0ms)
Platform modules already initialized, skipping
Registering precompiled user dll's ...
Registered in 0.005565 seconds.
Begin MonoManager ReloadAssembly
Native extension for WindowsStandalone target not found
Refreshing native plugins compatible for Editor in 59.22 ms, found 3 plugins.
Preloading 0 native plugins for Editor in 0.00 ms.
Mono: successfully reloaded assembly
- Completed reload, in  1.652 seconds
Domain Reload Profiling:
	ReloadAssembly (1653ms)
		BeginReloadAssembly (190ms)
			ExecutionOrderSort (0ms)
			DisableScriptedObjects (6ms)
			BackupInstance (0ms)
			ReleaseScriptingObjects (0ms)
			CreateAndSetChildDomain (26ms)
		EndReloadAssembly (1386ms)
			LoadAssemblies (149ms)
			RebuildTransferFunctionScriptingTraits (0ms)
			SetupTypeCache (395ms)
			ReleaseScriptCaches (1ms)
			RebuildScriptCaches (76ms)
			SetupLoadedEditorAssemblies (598ms)
				LogAssemblyErrors (0ms)
				InitializePlatformSupportModulesInManaged (4ms)
				SetLoadedEditorAssemblies (0ms)
				RefreshPlugins (59ms)
				BeforeProcessingInitializeOnLoad (103ms)
				ProcessInitializeOnLoadAttributes (410ms)
				ProcessInitializeOnLoadMethodAttributes (18ms)
				AfterProcessingInitializeOnLoad (3ms)
				EditorAssembliesLoaded (0ms)
			ExecutionOrderSort2 (0ms)
			AwakeInstancesAfterBackupRestoration (8ms)
Platform modules already initialized, skipping
========================================================================
Worker process is ready to serve import requests
Launched and connected shader compiler UnityShaderCompiler.exe after 0.06 seconds
Refreshing native plugins compatible for Editor in 0.55 ms, found 3 plugins.
Preloading 0 native plugins for Editor in 0.00 ms.
Unloading 2269 Unused Serialized files (Serialized files now loaded: 0)
System memory in use before: 98.9 MB.
System memory in use after: 63.5 MB.

Unloading 29 unused Assets to reduce memory usage. Loaded Objects now: 2707.
Total: 9.892600 ms (FindLiveObjects: 0.275600 ms CreateObjectMapping: 0.060200 ms MarkObjects: 9.464900 ms  DeleteObjects: 0.090200 ms)

AssetImportParameters requested are different than current active one (requested -> active):
  custom:framework-win-MediaFoundation: 216162199b28c13a410421893ffa2e32 -> 
  custom:video-decoder-ogg-theora: a1e56fd34408186e4bbccfd4996cb3dc -> 
  custom:container-muxer-webm: aa71ff27fc2769a1b78a27578f13a17b -> 
  custom:container-demuxer-webm: 4f35f7cbe854078d1ac9338744f61a02 -> 
  custom:container-demuxer-ogg: 62fdf1f143b41e24485cea50d1cbac27 -> 
  custom:video-encoder-webm-vp8: eb34c28f22e8b96e1ab97ce403110664 -> 
  custom:video-decoder-webm-vp8: 9c59270c3fd7afecdb556c50c9e8de78 -> 
  custom:audio-decoder-ogg-vorbis: bf7c407c2cedff20999df2af8eb42d56 -> 
  custom:audio-encoder-webm-vorbis: bf7c407c2cedff20999df2af8eb42d56 -> 
========================================================================
Received Import Request.
  path: Assets/Prefabs/Characters/Tower3.2.prefab
  artifactKey: Guid(562a60aaf4c3f3a49b5cff1bbeb69f74) Importer(815301076,1909f56bfc062723c751e8b465ee728b)
Start importing Assets/Prefabs/Characters/Tower3.2.prefab using Guid(562a60aaf4c3f3a49b5cff1bbeb69f74) Importer(815301076,1909f56bfc062723c751e8b465ee728b)  -> (artifact id: '6829612fb87bfd0024803c9154c14fb9') in 0.157129 seconds 
  Import took 0.161534 seconds .

========================================================================
Received Import Request.
  Time since last request: 0.000250 seconds.
  path: Assets/Prefabs/Characters/Tower4.1.prefab
  artifactKey: Guid(c3139a41d3d360e4092ea5ab08fb96cc) Importer(815301076,1909f56bfc062723c751e8b465ee728b)
Start importing Assets/Prefabs/Characters/Tower4.1.prefab using Guid(c3139a41d3d360e4092ea5ab08fb96cc) Importer(815301076,1909f56bfc062723c751e8b465ee728b)  -> (artifact id: '8dc387e4369da4084654212fa2cdcfc6') in 0.031417 seconds 
  Import took 0.035619 seconds .

========================================================================
Received Import Request.
  Time since last request: 0.000202 seconds.
  path: Assets/Prefabs/Characters/Enemy01.prefab
  artifactKey: Guid(823dc3b32b48cdf4ca1b4a6c3ff8c091) Importer(815301076,1909f56bfc062723c751e8b465ee728b)
Start importing Assets/Prefabs/Characters/Enemy01.prefab using Guid(823dc3b32b48cdf4ca1b4a6c3ff8c091) Importer(815301076,1909f56bfc062723c751e8b465ee728b)  -> (artifact id: 'b2e3b10e4d1026ea9de7de5702837456') in 0.030298 seconds 
  Import took 0.034175 seconds .

========================================================================
Received Import Request.
  Time since last request: 0.000210 seconds.
  path: Assets/Prefabs/Characters/Tower4.2.prefab
  artifactKey: Guid(9f72b2655fe9c4d48ab5385b53805407) Importer(815301076,1909f56bfc062723c751e8b465ee728b)
Start importing Assets/Prefabs/Characters/Tower4.2.prefab using Guid(9f72b2655fe9c4d48ab5385b53805407) Importer(815301076,1909f56bfc062723c751e8b465ee728b)  -> (artifact id: 'edc39a3b299cb405ae495c303e2ef556') in 0.025235 seconds 
  Import took 0.030097 seconds .

========================================================================
Received Import Request.
  Time since last request: 0.000196 seconds.
  path: Assets/Prefabs/Characters/Tower1.1.prefab
  artifactKey: Guid(dca02ccbe2049a84fae65192f7b3fa30) Importer(815301076,1909f56bfc062723c751e8b465ee728b)
Start importing Assets/Prefabs/Characters/Tower1.1.prefab using Guid(dca02ccbe2049a84fae65192f7b3fa30) Importer(815301076,1909f56bfc062723c751e8b465ee728b)  -> (artifact id: '4a3e099a1af10789e74ffd2edfc0003b') in 0.027393 seconds 
  Import took 0.031517 seconds .

========================================================================
Received Import Request.
  Time since last request: 0.000188 seconds.
  path: Assets/Prefabs/Characters/Tower2.1.prefab
  artifactKey: Guid(e62ebf458657d3d42ba3dcd7df05071e) Importer(815301076,1909f56bfc062723c751e8b465ee728b)
Start importing Assets/Prefabs/Characters/Tower2.1.prefab using Guid(e62ebf458657d3d42ba3dcd7df05071e) Importer(815301076,1909f56bfc062723c751e8b465ee728b)  -> (artifact id: 'c0cd0c8fc83b79c694bfb8e8781dc379') in 0.026141 seconds 
  Import took 0.031571 seconds .

========================================================================
Received Import Request.
  Time since last request: 0.000199 seconds.
  path: Assets/Prefabs/Characters/Tower3.1.prefab
  artifactKey: Guid(9f79da731f264cf4ca5280f9461fbe48) Importer(815301076,1909f56bfc062723c751e8b465ee728b)
Start importing Assets/Prefabs/Characters/Tower3.1.prefab using Guid(9f79da731f264cf4ca5280f9461fbe48) Importer(815301076,1909f56bfc062723c751e8b465ee728b)  -> (artifact id: '59742a65df0b6d0ee5fd5994e919ae4a') in 0.025280 seconds 
  Import took 0.032205 seconds .

========================================================================
Received Import Request.
  Time since last request: 0.000202 seconds.
  path: Assets/Prefabs/Characters/Spawner.prefab
  artifactKey: Guid(345128898110540478923f18364348a8) Importer(815301076,1909f56bfc062723c751e8b465ee728b)
Start importing Assets/Prefabs/Characters/Spawner.prefab using Guid(345128898110540478923f18364348a8) Importer(815301076,1909f56bfc062723c751e8b465ee728b)  -> (artifact id: '5d0e14d15ee2ed5a4674a24e1c661320') in 0.022644 seconds 
  Import took 0.026898 seconds .

========================================================================
Received Import Request.
  Time since last request: 0.000204 seconds.
  path: Assets/Prefabs/Characters/Bullet4.prefab
  artifactKey: Guid(b79fbe4a0505f2849b709fbd6d3dea8b) Importer(815301076,1909f56bfc062723c751e8b465ee728b)
Start importing Assets/Prefabs/Characters/Bullet4.prefab using Guid(b79fbe4a0505f2849b709fbd6d3dea8b) Importer(815301076,1909f56bfc062723c751e8b465ee728b)  -> (artifact id: 'f8dbbfae05937c8c7c1a6405895880f2') in 0.023876 seconds 
  Import took 0.027699 seconds .

========================================================================
Received Import Request.
  Time since last request: 0.000221 seconds.
  path: Assets/Prefabs/Characters/Tower1.2.prefab
  artifactKey: Guid(fd7d975c83de90b4b9c2a7d58b50f6e7) Importer(815301076,1909f56bfc062723c751e8b465ee728b)
Start importing Assets/Prefabs/Characters/Tower1.2.prefab using Guid(fd7d975c83de90b4b9c2a7d58b50f6e7) Importer(815301076,1909f56bfc062723c751e8b465ee728b)  -> (artifact id: '2b57bebaa3b47955d5d9bf14f7536594') in 0.025331 seconds 
  Import took 0.029996 seconds .

========================================================================
Received Import Request.
  Time since last request: 0.000205 seconds.
  path: Assets/Prefabs/Characters/Bullet4.prefab
  artifactKey: Guid(b79fbe4a0505f2849b709fbd6d3dea8b) Importer(815301076,1909f56bfc062723c751e8b465ee728b)
Start importing Assets/Prefabs/Characters/Bullet4.prefab using Guid(b79fbe4a0505f2849b709fbd6d3dea8b) Importer(815301076,1909f56bfc062723c751e8b465ee728b)  -> (artifact id: 'f8dbbfae05937c8c7c1a6405895880f2') in 0.016619 seconds 
  Import took 0.020664 seconds .

========================================================================
Received Import Request.
  Time since last request: 204.062905 seconds.
  path: Assets/Scenes/MainMenu.unity
  artifactKey: Guid(3650a959db74e7e46b33cbaf02550168) Importer(815301076,1909f56bfc062723c751e8b465ee728b)
Start importing Assets/Scenes/MainMenu.unity using Guid(3650a959db74e7e46b33cbaf02550168) Importer(815301076,1909f56bfc062723c751e8b465ee728b)  -> (artifact id: '760dabf626a98f1585367af1811221bd') in 0.010131 seconds 
  Import took 0.014021 seconds .

========================================================================
Received Import Request.
  Time since last request: 0.061164 seconds.
  path: Assets/Scenes/MainMenu.unity
  artifactKey: Guid(3650a959db74e7e46b33cbaf02550168) Importer(815301076,1909f56bfc062723c751e8b465ee728b)
Start importing Assets/Scenes/MainMenu.unity using Guid(3650a959db74e7e46b33cbaf02550168) Importer(815301076,1909f56bfc062723c751e8b465ee728b)  -> (artifact id: '760dabf626a98f1585367af1811221bd') in 0.003130 seconds 
  Import took 0.007191 seconds .

========================================================================
Received Import Request.
  Time since last request: 8.645016 seconds.
  path: Assets/Scenes/GAME.unity
  artifactKey: Guid(55afdeb722983a04bbd82c336b981f34) Importer(815301076,1909f56bfc062723c751e8b465ee728b)
Start importing Assets/Scenes/GAME.unity using Guid(55afdeb722983a04bbd82c336b981f34) Importer(815301076,1909f56bfc062723c751e8b465ee728b)  -> (artifact id: '5e6f2db64aa8abb211c9a888064e7f82') in 0.008976 seconds 
  Import took 0.015019 seconds .

========================================================================
Received Prepare
Refreshing native plugins compatible for Editor in 6.22 ms, found 3 plugins.
Preloading 0 native plugins for Editor in 0.00 ms.
Unloading 14 Unused Serialized files (Serialized files now loaded: 0)
System memory in use before: 57.2 MB.
System memory in use after: 57.3 MB.

Unloading 14 unused Assets to reduce memory usage. Loaded Objects now: 2714.
Total: 6.847800 ms (FindLiveObjects: 0.258500 ms CreateObjectMapping: 0.057600 ms MarkObjects: 6.504500 ms  DeleteObjects: 0.025400 ms)

AssetImportParameters requested are different than current active one (requested -> active):
  custom:framework-win-MediaFoundation: 216162199b28c13a410421893ffa2e32 -> 
  custom:video-decoder-ogg-theora: a1e56fd34408186e4bbccfd4996cb3dc -> 
  custom:container-muxer-webm: aa71ff27fc2769a1b78a27578f13a17b -> 
  custom:container-demuxer-webm: 4f35f7cbe854078d1ac9338744f61a02 -> 
  custom:container-demuxer-ogg: 62fdf1f143b41e24485cea50d1cbac27 -> 
  custom:video-encoder-webm-vp8: eb34c28f22e8b96e1ab97ce403110664 -> 
  custom:video-decoder-webm-vp8: 9c59270c3fd7afecdb556c50c9e8de78 -> 
  custom:audio-decoder-ogg-vorbis: bf7c407c2cedff20999df2af8eb42d56 -> 
  custom:audio-encoder-webm-vorbis: bf7c407c2cedff20999df2af8eb42d56 -> 
AssetImportWorkerClient::OnTransportError - code=2 error=End of file
